{"/home/anh/Desktop/setel/sdk-draft/src/common.ts": {"path":"/home/anh/Desktop/setel/sdk-draft/src/common.ts","statementMap":{"0":{"start":{"line":2,"column":30},"end":{"line":5,"column":1}},"1":{"start":{"line":24,"column":27},"end":{"line":26,"column":1}}},"fnMap":{},"branchMap":{},"s":{"0":1,"1":1},"f":{},"b":{},"_coverageSchema":"1a1c01bbd47fc00a2c39e90264f33305004495a9","hash":"08ebb6e11066887e9bc417ad6e7d76aae2e66e67"}
,"/home/anh/Desktop/setel/sdk-draft/src/logger.ts": {"path":"/home/anh/Desktop/setel/sdk-draft/src/logger.ts","statementMap":{"0":{"start":{"line":5,"column":4},"end":{"line":5,"column":31}},"1":{"start":{"line":9,"column":4},"end":{"line":9,"column":32}},"2":{"start":{"line":9,"column":25},"end":{"line":9,"column":32}},"3":{"start":{"line":10,"column":4},"end":{"line":10,"column":26}},"4":{"start":{"line":14,"column":4},"end":{"line":14,"column":32}},"5":{"start":{"line":14,"column":25},"end":{"line":14,"column":32}},"6":{"start":{"line":15,"column":4},"end":{"line":15,"column":27}}},"fnMap":{"0":{"name":"(anonymous_0)","decl":{"start":{"line":4,"column":2},"end":{"line":4,"column":3}},"loc":{"start":{"line":4,"column":42},"end":{"line":6,"column":3}},"line":4},"1":{"name":"(anonymous_1)","decl":{"start":{"line":8,"column":2},"end":{"line":8,"column":3}},"loc":{"start":{"line":8,"column":22},"end":{"line":11,"column":3}},"line":8},"2":{"name":"(anonymous_2)","decl":{"start":{"line":13,"column":2},"end":{"line":13,"column":3}},"loc":{"start":{"line":13,"column":22},"end":{"line":16,"column":3}},"line":13}},"branchMap":{"0":{"loc":{"start":{"line":4,"column":14},"end":{"line":4,"column":40}},"type":"default-arg","locations":[{"start":{"line":4,"column":35},"end":{"line":4,"column":40}}],"line":4},"1":{"loc":{"start":{"line":9,"column":4},"end":{"line":9,"column":32}},"type":"if","locations":[{"start":{"line":9,"column":4},"end":{"line":9,"column":32}},{"start":{},"end":{}}],"line":9},"2":{"loc":{"start":{"line":14,"column":4},"end":{"line":14,"column":32}},"type":"if","locations":[{"start":{"line":14,"column":4},"end":{"line":14,"column":32}},{"start":{},"end":{}}],"line":14}},"s":{"0":1,"1":1,"2":0,"3":1,"4":0,"5":0,"6":0},"f":{"0":1,"1":1,"2":0},"b":{"0":[0],"1":[0,1],"2":[0,0]},"_coverageSchema":"1a1c01bbd47fc00a2c39e90264f33305004495a9","hash":"0504c0171b8959e6f5a0f0d75967226fbd5c4043"}
,"/home/anh/Desktop/setel/sdk-draft/src/services/base.ts": {"path":"/home/anh/Desktop/setel/sdk-draft/src/services/base.ts","statementMap":{"0":{"start":{"line":14,"column":4},"end":{"line":14,"column":27}},"1":{"start":{"line":15,"column":4},"end":{"line":15,"column":40}},"2":{"start":{"line":16,"column":4},"end":{"line":18,"column":7}},"3":{"start":{"line":22,"column":4},"end":{"line":22,"column":45}},"4":{"start":{"line":26,"column":41},"end":{"line":29,"column":5}},"5":{"start":{"line":31,"column":4},"end":{"line":33,"column":7}},"6":{"start":{"line":32,"column":6},"end":{"line":32,"column":40}},"7":{"start":{"line":35,"column":4},"end":{"line":35,"column":19}},"8":{"start":{"line":39,"column":38},"end":{"line":39,"column":46}},"9":{"start":{"line":41,"column":4},"end":{"line":41,"column":32}},"10":{"start":{"line":43,"column":4},"end":{"line":48,"column":6}},"11":{"start":{"line":52,"column":19},"end":{"line":52,"column":68}},"12":{"start":{"line":53,"column":20},"end":{"line":53,"column":49}},"13":{"start":{"line":54,"column":17},"end":{"line":57,"column":5}},"14":{"start":{"line":59,"column":4},"end":{"line":59,"column":29}},"15":{"start":{"line":61,"column":4},"end":{"line":66,"column":6}}},"fnMap":{"0":{"name":"(anonymous_0)","decl":{"start":{"line":13,"column":2},"end":{"line":13,"column":3}},"loc":{"start":{"line":13,"column":101},"end":{"line":19,"column":3}},"line":13},"1":{"name":"(anonymous_1)","decl":{"start":{"line":21,"column":2},"end":{"line":21,"column":3}},"loc":{"start":{"line":21,"column":35},"end":{"line":23,"column":3}},"line":21},"2":{"name":"(anonymous_2)","decl":{"start":{"line":25,"column":2},"end":{"line":25,"column":3}},"loc":{"start":{"line":25,"column":65},"end":{"line":36,"column":3}},"line":25},"3":{"name":"(anonymous_3)","decl":{"start":{"line":31,"column":39},"end":{"line":31,"column":40}},"loc":{"start":{"line":31,"column":56},"end":{"line":33,"column":5}},"line":31},"4":{"name":"(anonymous_4)","decl":{"start":{"line":38,"column":2},"end":{"line":38,"column":3}},"loc":{"start":{"line":38,"column":91},"end":{"line":49,"column":3}},"line":38},"5":{"name":"(anonymous_5)","decl":{"start":{"line":51,"column":2},"end":{"line":51,"column":3}},"loc":{"start":{"line":51,"column":85},"end":{"line":67,"column":3}},"line":51}},"branchMap":{"0":{"loc":{"start":{"line":13,"column":16},"end":{"line":13,"column":49}},"type":"default-arg","locations":[{"start":{"line":13,"column":26},"end":{"line":13,"column":49}}],"line":13},"1":{"loc":{"start":{"line":13,"column":51},"end":{"line":13,"column":88}},"type":"default-arg","locations":[{"start":{"line":13,"column":63},"end":{"line":13,"column":88}}],"line":13},"2":{"loc":{"start":{"line":25,"column":24},"end":{"line":25,"column":63}},"type":"default-arg","locations":[{"start":{"line":25,"column":61},"end":{"line":25,"column":63}}],"line":25},"3":{"loc":{"start":{"line":52,"column":19},"end":{"line":52,"column":68}},"type":"binary-expr","locations":[{"start":{"line":52,"column":19},"end":{"line":52,"column":41}},{"start":{"line":52,"column":45},"end":{"line":52,"column":68}}],"line":52},"4":{"loc":{"start":{"line":53,"column":20},"end":{"line":53,"column":49}},"type":"binary-expr","locations":[{"start":{"line":53,"column":20},"end":{"line":53,"column":43}},{"start":{"line":53,"column":47},"end":{"line":53,"column":49}}],"line":53},"5":{"loc":{"start":{"line":55,"column":15},"end":{"line":55,"column":74}},"type":"binary-expr","locations":[{"start":{"line":55,"column":15},"end":{"line":55,"column":44}},{"start":{"line":55,"column":48},"end":{"line":55,"column":61}},{"start":{"line":55,"column":65},"end":{"line":55,"column":74}}],"line":55},"6":{"loc":{"start":{"line":56,"column":17},"end":{"line":56,"column":62}},"type":"binary-expr","locations":[{"start":{"line":56,"column":17},"end":{"line":56,"column":48}},{"start":{"line":56,"column":52},"end":{"line":56,"column":62}}],"line":56}},"s":{"0":1,"1":1,"2":1,"3":1,"4":1,"5":1,"6":0,"7":1,"8":1,"9":1,"10":1,"11":0,"12":0,"13":0,"14":0,"15":0},"f":{"0":1,"1":1,"2":1,"3":0,"4":1,"5":0},"b":{"0":[1],"1":[0],"2":[1],"3":[0,0],"4":[0,0],"5":[0,0,0],"6":[0,0]},"_coverageSchema":"1a1c01bbd47fc00a2c39e90264f33305004495a9","hash":"e7e5bad39947e0b02fbf874e10b4c5eda68b07bc"}
,"/home/anh/Desktop/setel/sdk-draft/src/services/user.ts": {"path":"/home/anh/Desktop/setel/sdk-draft/src/services/user.ts","statementMap":{"0":{"start":{"line":13,"column":4},"end":{"line":13,"column":18}},"1":{"start":{"line":17,"column":20},"end":{"line":17,"column":38}},"2":{"start":{"line":18,"column":4},"end":{"line":25,"column":5}},"3":{"start":{"line":19,"column":23},"end":{"line":21,"column":8}},"4":{"start":{"line":22,"column":6},"end":{"line":22,"column":49}},"5":{"start":{"line":24,"column":6},"end":{"line":24,"column":51}}},"fnMap":{"0":{"name":"(anonymous_0)","decl":{"start":{"line":12,"column":2},"end":{"line":12,"column":3}},"loc":{"start":{"line":12,"column":31},"end":{"line":14,"column":3}},"line":12},"1":{"name":"(anonymous_1)","decl":{"start":{"line":16,"column":2},"end":{"line":16,"column":3}},"loc":{"start":{"line":16,"column":19},"end":{"line":26,"column":3}},"line":16}},"branchMap":{},"s":{"0":1,"1":1,"2":1,"3":1,"4":1,"5":0},"f":{"0":1,"1":1},"b":{},"_coverageSchema":"1a1c01bbd47fc00a2c39e90264f33305004495a9","hash":"85fe0764e133a3887353a1afd102c458b08fb0ec"}
}
